Removed Pin From Net: NetName=NetC3_1 Pin=F1-2
Removed Pin From Net: NetName=NetC3_2 Pin=L1-1
Removed Pin From Net: NetName=NetC3_1 Pin=L1-4
Removed Pin From Net: NetName=NetC3_2 Pin=RT1-2
Added Component: Designator=C3(PCBComponent_1)
Add component (AddParameter): Name = "Manufactured Part Number"; Value = "STD"; VariantName = "[No Variations]"
Add component (AddParameter): Name = "Manufacturer"; Value = "Panasonic"; VariantName = "[No Variations]"
Add component (AddParameter): Name = "Package Size"; Value = "0.689 x 0.217"; VariantName = "[No Variations]"
Add component (AddParameter): Name = "Tolerance"; Value = "20%"; VariantName = "[No Variations]"
Add component (AddParameter): Name = "Voltage Rating"; Value = "250VAC"; VariantName = "[No Variations]"
Added Pin To Net: NetName=NetC3_1 Pin=C3-1
Added Pin To Net: NetName=NetC3_2 Pin=C3-2
Added Pin To Net: NetName=NetC3_2 Pin=F1-2
Added Pin To Net: NetName=NetC3_1 Pin=L1-1
Added Pin To Net: NetName=NetC3_2 Pin=L1-4
Added Pin To Net: NetName=NetC3_1 Pin=RT1-2
Added Member To Class: ClassName=Sheet1_wiekszy Member=Component C3 cap_0.689 x 0.217
Added Rule: Name=Schematic Clearance Constraint_5
Added Rule: Name=Schematic Clearance Constraint_6
Added Rule: Name=Schematic Clearance Constraint_7
Added Rule: Name=Schematic Clearance Constraint_8
