Change Component Footprint: Designator=D3 Old Footprint=FP-340CC-MFG New Footprint=FP-340CC-MFG
Change Component Footprint: Designator=D3 Old Footprint=FP-340CC-MFG New Footprint=FP-340CC-MFG
Change Component Footprint: Designator=D4 Old Footprint=FP-425-04-MFG New Footprint=FP-425-04-MFG
Change Component Footprint: Designator=L1 Old Footprint=WE-CMB_Type XXL_L43.5W23.5H43 New Footprint=WE-CMB_Type XXL_L43.5W23.5H43
Change Component Footprint: Designator=T1 Old Footprint=WE-FB_EP10 New Footprint=WE-FB_EP10
Change Component Footprint: Designator=T1 Old Footprint=WE-FB_EP10 New Footprint=WE-FB_EP10
Change Component Footprint: Designator=L3 Old Footprint=WE-PD_7332R New Footprint=WE-PD_7332R
Change Component Footprint: Designator=L4 Old Footprint=WE-PD_7332R New Footprint=WE-PD_7332R
Change Component Footprint: Designator=L5 Old Footprint=WE-PD_7332R New Footprint=WE-PD_7332R
Change Component Footprint: Designator=L6 Old Footprint=WE-PD_7332R New Footprint=WE-PD_7332R
Change Component Footprint: Designator=L7 Old Footprint=WE-PD_7332R New Footprint=WE-PD_7332R
Change Component Designator: OldDesignator=C42 NewDesignator=C?
Change Component Designator: OldDesignator=C43 NewDesignator=C?
Change Component Designator: OldDesignator=C44 NewDesignator=C?
Change Component Designator: OldDesignator=C45 NewDesignator=C?
Change Component Designator: OldDesignator=C46 NewDesignator=C?
Change Component Designator: OldDesignator=J10 NewDesignator=J?
Change Component Designator: OldDesignator=J12 NewDesignator=J?
Change Component Designator: OldDesignator=L7 NewDesignator=L?
Change Component Designator: OldDesignator=Q1 NewDesignator=Q?
Change Component Designator: OldDesignator=R7 NewDesignator=R?
Change Component Designator: OldDesignator=U5 NewDesignator=U?
Change Component Designator: OldDesignator=U6 NewDesignator=U?
Change Component Designator: OldDesignator=U7 NewDesignator=U?
Change Component Designator: OldDesignator=U8 NewDesignator=U?
Change Component Designator: OldDesignator=U9 NewDesignator=U?
